Flow report for lab6
Mon Nov 28 14:57:01 2016
Quartus Prime Version 16.0.2 Build 222 07/20/2016 SJ Lite Edition


---------------------
; Table of Contents ;
---------------------
  1. Legal Notice
  2. Flow Summary
  3. Flow Settings
  4. Flow Non-Default Global Settings
  5. Flow Elapsed Time
  6. Flow OS Summary
  7. Flow Log
  8. Flow Messages
  9. Flow Suppressed Messages



----------------
; Legal Notice ;
----------------
Copyright (C) 1991-2016 Altera Corporation. All rights reserved.
Your use of Altera Corporation's design tools, logic functions 
and other software and tools, and its AMPP partner logic 
functions, and any output files from any of the foregoing 
(including device programming or simulation files), and any 
associated documentation or information are expressly subject 
to the terms and conditions of the Altera Program License 
Subscription Agreement, the Altera Quartus Prime License Agreement,
the Altera MegaCore Function License Agreement, or other 
applicable license agreement, including, without limitation, 
that your use is for the sole purpose of programming logic 
devices manufactured by Altera and sold by Altera or its 
authorized distributors.  Please refer to the applicable 
agreement for further details.



+----------------------------------------------------------------------------------+
; Flow Summary                                                                     ;
+------------------------------------+---------------------------------------------+
; Flow Status                        ; Successful - Mon Nov 28 14:56:56 2016       ;
; Quartus Prime Version              ; 16.0.2 Build 222 07/20/2016 SJ Lite Edition ;
; Revision Name                      ; lab6                                        ;
; Top-level Entity Name              ; lab6                                        ;
; Family                             ; Cyclone IV E                                ;
; Device                             ; EP4CE115F29C7                               ;
; Timing Models                      ; Final                                       ;
; Total logic elements               ; 3,243 / 114,480 ( 3 % )                     ;
;     Total combinational functions  ; 2,883 / 114,480 ( 3 % )                     ;
;     Dedicated logic registers      ; 1,922 / 114,480 ( 2 % )                     ;
; Total registers                    ; 1944                                        ;
; Total pins                         ; 32 / 529 ( 6 % )                            ;
; Total virtual pins                 ; 0                                           ;
; Total memory bits                  ; 95,552 / 3,981,312 ( 2 % )                  ;
; Embedded Multiplier 9-bit elements ; 6 / 532 ( 1 % )                             ;
; Total PLLs                         ; 0 / 4 ( 0 % )                               ;
+------------------------------------+---------------------------------------------+


+-----------------------------------------+
; Flow Settings                           ;
+-------------------+---------------------+
; Option            ; Setting             ;
+-------------------+---------------------+
; Start date & time ; 11/28/2016 14:55:22 ;
; Main task         ; Compilation         ;
; Revision Name     ; lab6                ;
+-------------------+---------------------+


+------------------------------------------------------------------------------------------------------------------------------------------------+
; Flow Non-Default Global Settings                                                                                                               ;
+-------------------------------------+---------------------------------------------------------------+---------------+-------------+------------+
; Assignment Name                     ; Value                                                         ; Default Value ; Entity Name ; Section Id ;
+-------------------------------------+---------------------------------------------------------------+---------------+-------------+------------+
; COMPILER_SIGNATURE_ID               ; 8796759959201.148036652203032                                 ; --            ; --          ; --         ;
; MAX_CORE_JUNCTION_TEMP              ; 85                                                            ; --            ; --          ; --         ;
; MIN_CORE_JUNCTION_TEMP              ; 0                                                             ; --            ; --          ; --         ;
; MISC_FILE                           ; nios_system/synthesis/../nios_system.cmp                      ; --            ; --          ; --         ;
; MISC_FILE                           ; nios_system/synthesis/../../nios_system.qsys                  ; --            ; --          ; --         ;
; NOMINAL_CORE_SUPPLY_VOLTAGE         ; 1.2V                                                          ; --            ; --          ; --         ;
; PARTITION_COLOR                     ; 16764057                                                      ; --            ; --          ; Top        ;
; PARTITION_FITTER_PRESERVATION_LEVEL ; PLACEMENT_AND_ROUTING                                         ; --            ; --          ; Top        ;
; PARTITION_NETLIST_TYPE              ; SOURCE                                                        ; --            ; --          ; Top        ;
; PROJECT_OUTPUT_DIRECTORY            ; output_files                                                  ; --            ; --          ; --         ;
; SLD_FILE                            ; nios_system/synthesis/nios_system.regmap                      ; --            ; --          ; --         ;
; SLD_FILE                            ; nios_system/synthesis/nios_system.debuginfo                   ; --            ; --          ; --         ;
; SLD_INFO                            ; QSYS_NAME nios_system HAS_SOPCINFO 1 GENERATION_ID 1480366346 ; --            ; nios_system ; --         ;
; SOPCINFO_FILE                       ; nios_system/synthesis/../../nios_system.sopcinfo              ; --            ; --          ; --         ;
; SYNTHESIS_ONLY_QIP                  ; On                                                            ; --            ; --          ; --         ;
+-------------------------------------+---------------------------------------------------------------+---------------+-------------+------------+


+-------------------------------------------------------------------------------------------------------------------------------+
; Flow Elapsed Time                                                                                                             ;
+---------------------------+--------------+-------------------------+---------------------+------------------------------------+
; Module Name               ; Elapsed Time ; Average Processors Used ; Peak Virtual Memory ; Total CPU Time (on all processors) ;
+---------------------------+--------------+-------------------------+---------------------+------------------------------------+
; Analysis & Synthesis      ; 00:00:55     ; 1.0                     ; 994 MB              ; 00:01:00                           ;
; Fitter                    ; 00:00:26     ; 1.0                     ; 1768 MB             ; 00:00:32                           ;
; Assembler                 ; 00:00:04     ; 1.0                     ; 766 MB              ; 00:00:04                           ;
; TimeQuest Timing Analyzer ; 00:00:04     ; 1.2                     ; 959 MB              ; 00:00:03                           ;
; Total                     ; 00:01:29     ; --                      ; --                  ; 00:01:39                           ;
+---------------------------+--------------+-------------------------+---------------------+------------------------------------+


+----------------------------------------------------------------------------------------+
; Flow OS Summary                                                                        ;
+---------------------------+------------------+-----------+------------+----------------+
; Module Name               ; Machine Hostname ; OS Name   ; OS Version ; Processor type ;
+---------------------------+------------------+-----------+------------+----------------+
; Analysis & Synthesis      ; quartus          ; Windows 7 ; 6.1        ; x86_64         ;
; Fitter                    ; quartus          ; Windows 7 ; 6.1        ; x86_64         ;
; Assembler                 ; quartus          ; Windows 7 ; 6.1        ; x86_64         ;
; TimeQuest Timing Analyzer ; quartus          ; Windows 7 ; 6.1        ; x86_64         ;
+---------------------------+------------------+-----------+------------+----------------+


------------
; Flow Log ;
------------
quartus_map --read_settings_files=on --write_settings_files=off lab6 -c lab6
quartus_fit --read_settings_files=off --write_settings_files=off lab6 -c lab6
quartus_asm --read_settings_files=off --write_settings_files=off lab6 -c lab6
quartus_sta lab6 -c lab6



