IP Upgrade report for lab6
Mon Nov 28 14:52:47 2016
Quartus Prime Version 16.0.2 Build 222 07/20/2016 SJ Lite Edition


---------------------
; Table of Contents ;
---------------------
  1. Legal Notice
  2. IP Upgrade Summary
  3. Successfully Upgraded IP Components
  4. IP Upgrade Messages



----------------
; Legal Notice ;
----------------
Copyright (C) 1991-2016 Altera Corporation. All rights reserved.
Your use of Altera Corporation's design tools, logic functions 
and other software and tools, and its AMPP partner logic 
functions, and any output files from any of the foregoing 
(including device programming or simulation files), and any 
associated documentation or information are expressly subject 
to the terms and conditions of the Altera Program License 
Subscription Agreement, the Altera Quartus Prime License Agreement,
the Altera MegaCore Function License Agreement, or other 
applicable license agreement, including, without limitation, 
that your use is for the sole purpose of programming logic 
devices manufactured by Altera and sold by Altera or its 
authorized distributors.  Please refer to the applicable 
agreement for further details.



+----------------------------------------------------------------------------+
; IP Upgrade Summary                                                         ;
+------------------------------+---------------------------------------------+
; IP Components Upgrade Status ; Passed - Mon Nov 28 14:52:47 2016           ;
; Quartus Prime Version        ; 16.0.2 Build 222 07/20/2016 SJ Lite Edition ;
; Revision Name                ; lab6                                        ;
; Top-level Entity Name        ; lab6                                        ;
; Family                       ; Cyclone IV E                                ;
+------------------------------+---------------------------------------------+


+---------------------------------------------------------------------------------------------------------------------------------------------------------+
; Successfully Upgraded IP Components                                                                                                                     ;
+-------------+----------------+---------+---------------------------------------+----------------------+---------------------------------------+---------+
; Entity Name ; Component Name ; Version ; Original Source File                  ; Generation File Path ; New Source File                       ; Message ;
+-------------+----------------+---------+---------------------------------------+----------------------+---------------------------------------+---------+
; nios_system ; Qsys           ; 15.1    ; nios_system/synthesis/nios_system.qip ; nios_system.qsys     ; nios_system/synthesis/nios_system.qip ;         ;
+-------------+----------------+---------+---------------------------------------+----------------------+---------------------------------------+---------+


+---------------------+
; IP Upgrade Messages ;
+---------------------+
Info (11902): Backing up file "nios_system.qsys" to "nios_system.BAK.qsys"
Info (11902): Backing up file "nios_system/synthesis/nios_system.v" to "nios_system.BAK.v"
Info (11837): Started upgrading IP component Qsys with file "nios_system.qsys"
Info: 2016.11.28.14:51:20 Info: Starting to upgrade the IP cores in the Qsys system
Info: 2016.11.28.14:51:20 Info: Finished upgrading the ip cores
Info: 2016.11.28.14:51:29 Info: Saving generation log to C:/Users/brian/Desktop/lab6/nios_system
Info: 2016.11.28.14:51:29 Info: Starting: Create simulation model
Info: 2016.11.28.14:51:29 Info: qsys-generate C:\Users\brian\Desktop\lab6\nios_system.qsys --simulation=VERILOG --allow-mixed-language-simulation --output-directory=C:\Users\brian\Desktop\lab6\nios_system\simulation --family="Cyclone IV E" --part=EP4CE115F29C7
Info: 2016.11.28.14:51:29 Info: Loading lab6
Info: 2016.11.28.14:51:29 Info: Reading input file
Info: 2016.11.28.14:51:29 Info: Adding HEXA [altera_avalon_pio 16.0]
Info: 2016.11.28.14:51:29 Info: Parameterizing module HEXA
Info: 2016.11.28.14:51:29 Info: Adding HEXB [altera_avalon_pio 16.0]
Info: 2016.11.28.14:51:29 Info: Parameterizing module HEXB
Info: 2016.11.28.14:51:29 Info: Adding LEDs [altera_avalon_pio 16.0]
Info: 2016.11.28.14:51:29 Info: Parameterizing module LEDs
Info: 2016.11.28.14:51:29 Info: Adding clk_0 [clock_source 16.0]
Info: 2016.11.28.14:51:29 Info: Parameterizing module clk_0
Info: 2016.11.28.14:51:29 Info: Adding jtag_uart [altera_avalon_jtag_uart 16.0]
Info: 2016.11.28.14:51:29 Info: Parameterizing module jtag_uart
Info: 2016.11.28.14:51:29 Info: Adding nios2_processor [altera_nios2_gen2 16.0]
Info: 2016.11.28.14:51:29 Info: Parameterizing module nios2_processor
Info: 2016.11.28.14:51:29 Info: Adding onchip_memory [altera_avalon_onchip_memory2 16.0]
Info: 2016.11.28.14:51:29 Info: Parameterizing module onchip_memory
Info: 2016.11.28.14:51:29 Info: Adding switches [altera_avalon_pio 16.0]
Info: 2016.11.28.14:51:29 Info: Parameterizing module switches
Info: 2016.11.28.14:51:29 Info: Building connections
Info: 2016.11.28.14:51:29 Info: Parameterizing connections
Info: 2016.11.28.14:51:29 Info: Validating
Info: 2016.11.28.14:51:30 Info: Done reading input file
Info: 2016.11.28.14:51:30 Info: nios_system.jtag_uart: JTAG UART IP input clock need to be at least double (2x) the operating frequency of JTAG TCK on board
Info: 2016.11.28.14:51:30 Info: nios_system.switches: PIO inputs are not hardwired in test bench. Undefined values will be read from PIO inputs during simulation.
Info: 2016.11.28.14:51:30 Info: nios_system: Generating nios_system "nios_system" for SIM_VERILOG
Info: 2016.11.28.14:51:37 Info: HEXA: Starting RTL generation for module 'nios_system_HEXA'
Info: 2016.11.28.14:51:37 Info: HEXA:   Generation command is [exec C:/altera_lite/16.0/quartus/bin64/perl/bin/perl.exe -I C:/altera_lite/16.0/quartus/bin64/perl/lib -I C:/altera_lite/16.0/quartus/sopc_builder/bin/europa -I C:/altera_lite/16.0/quartus/sopc_builder/bin/perl_lib -I C:/altera_lite/16.0/quartus/sopc_builder/bin -I C:/altera_lite/16.0/quartus/../ip/altera/sopc_builder_ip/common -I C:/altera_lite/16.0/quartus/../ip/altera/sopc_builder_ip/altera_avalon_pio -- C:/altera_lite/16.0/quartus/../ip/altera/sopc_builder_ip/altera_avalon_pio/generate_rtl.pl --name=nios_system_HEXA --dir=C:/Users/brian/AppData/Local/Temp/alt7133_7232007518083392112.dir/0001_HEXA_gen/ --quartus_dir=C:/altera_lite/16.0/quartus --verilog --config=C:/Users/brian/AppData/Local/Temp/alt7133_7232007518083392112.dir/0001_HEXA_gen//nios_system_HEXA_component_configuration.pl  --do_build_sim=1    --sim_dir=C:/Users/brian/AppData/Local/Temp/alt7133_7232007518083392112.dir/0001_HEXA_gen
Info: 2016.11.28.14:51:38 Info: HEXA: Done RTL generation for module 'nios_system_HEXA'
Info: 2016.11.28.14:51:38 Info: HEXA: "nios_system" instantiated altera_avalon_pio "HEXA"
Info: 2016.11.28.14:51:38 Info: jtag_uart: Starting RTL generation for module 'nios_system_jtag_uart'
Info: 2016.11.28.14:51:38 Info: jtag_uart:   Generation command is [exec C:/altera_lite/16.0/quartus/bin64/perl/bin/perl.exe -I C:/altera_lite/16.0/quartus/bin64/perl/lib -I C:/altera_lite/16.0/quartus/sopc_builder/bin/europa -I C:/altera_lite/16.0/quartus/sopc_builder/bin/perl_lib -I C:/altera_lite/16.0/quartus/sopc_builder/bin -I C:/altera_lite/16.0/quartus/../ip/altera/sopc_builder_ip/common -I C:/altera_lite/16.0/quartus/../ip/altera/sopc_builder_ip/altera_avalon_jtag_uart -- C:/altera_lite/16.0/quartus/../ip/altera/sopc_builder_ip/altera_avalon_jtag_uart/generate_rtl.pl --name=nios_system_jtag_uart --dir=C:/Users/brian/AppData/Local/Temp/alt7133_7232007518083392112.dir/0002_jtag_uart_gen/ --quartus_dir=C:/altera_lite/16.0/quartus --verilog --config=C:/Users/brian/AppData/Local/Temp/alt7133_7232007518083392112.dir/0002_jtag_uart_gen//nios_system_jtag_uart_component_configuration.pl  --do_build_sim=1    --sim_dir=C:/Users/brian/AppData/Local/Temp/alt7133_7232007518083392112.dir/0002_jtag_uart_gen
Info: 2016.11.28.14:51:39 Info: jtag_uart: Done RTL generation for module 'nios_system_jtag_uart'
Info: 2016.11.28.14:51:39 Info: jtag_uart: "nios_system" instantiated altera_avalon_jtag_uart "jtag_uart"
Info: 2016.11.28.14:51:39 Info: nios2_processor: "nios_system" instantiated altera_nios2_gen2 "nios2_processor"
Info: 2016.11.28.14:51:39 Info: onchip_memory: Starting RTL generation for module 'nios_system_onchip_memory'
Info: 2016.11.28.14:51:39 Info: onchip_memory:   Generation command is [exec C:/altera_lite/16.0/quartus/bin64/perl/bin/perl.exe -I C:/altera_lite/16.0/quartus/bin64/perl/lib -I C:/altera_lite/16.0/quartus/sopc_builder/bin/europa -I C:/altera_lite/16.0/quartus/sopc_builder/bin/perl_lib -I C:/altera_lite/16.0/quartus/sopc_builder/bin -I C:/altera_lite/16.0/quartus/../ip/altera/sopc_builder_ip/common -I C:/altera_lite/16.0/quartus/../ip/altera/sopc_builder_ip/altera_avalon_onchip_memory2 -- C:/altera_lite/16.0/quartus/../ip/altera/sopc_builder_ip/altera_avalon_onchip_memory2/generate_rtl.pl --name=nios_system_onchip_memory --dir=C:/Users/brian/AppData/Local/Temp/alt7133_7232007518083392112.dir/0003_onchip_memory_gen/ --quartus_dir=C:/altera_lite/16.0/quartus --verilog --config=C:/Users/brian/AppData/Local/Temp/alt7133_7232007518083392112.dir/0003_onchip_memory_gen//nios_system_onchip_memory_component_configuration.pl  --do_build_sim=1    --sim_dir=C:/Users/brian/AppData/Local/Temp/alt7133_7232007518083392112.dir/0003_onchip_memory_gen
Info: 2016.11.28.14:51:39 Info: onchip_memory: Done RTL generation for module 'nios_system_onchip_memory'
Info: 2016.11.28.14:51:39 Info: onchip_memory: "nios_system" instantiated altera_avalon_onchip_memory2 "onchip_memory"
Info: 2016.11.28.14:51:39 Info: switches: Starting RTL generation for module 'nios_system_switches'
Info: 2016.11.28.14:51:39 Info: switches:   Generation command is [exec C:/altera_lite/16.0/quartus/bin64/perl/bin/perl.exe -I C:/altera_lite/16.0/quartus/bin64/perl/lib -I C:/altera_lite/16.0/quartus/sopc_builder/bin/europa -I C:/altera_lite/16.0/quartus/sopc_builder/bin/perl_lib -I C:/altera_lite/16.0/quartus/sopc_builder/bin -I C:/altera_lite/16.0/quartus/../ip/altera/sopc_builder_ip/common -I C:/altera_lite/16.0/quartus/../ip/altera/sopc_builder_ip/altera_avalon_pio -- C:/altera_lite/16.0/quartus/../ip/altera/sopc_builder_ip/altera_avalon_pio/generate_rtl.pl --name=nios_system_switches --dir=C:/Users/brian/AppData/Local/Temp/alt7133_7232007518083392112.dir/0004_switches_gen/ --quartus_dir=C:/altera_lite/16.0/quartus --verilog --config=C:/Users/brian/AppData/Local/Temp/alt7133_7232007518083392112.dir/0004_switches_gen//nios_system_switches_component_configuration.pl  --do_build_sim=1    --sim_dir=C:/Users/brian/AppData/Local/Temp/alt7133_7232007518083392112.dir/0004_switches_gen
Info: 2016.11.28.14:51:40 Info: switches: Done RTL generation for module 'nios_system_switches'
Info: 2016.11.28.14:51:40 Info: switches: "nios_system" instantiated altera_avalon_pio "switches"
Info: 2016.11.28.14:51:42 Info: avalon_st_adapter: Inserting error_adapter: error_adapter_0
Info: 2016.11.28.14:51:42 Info: avalon_st_adapter_001: Inserting error_adapter: error_adapter_0
Info: 2016.11.28.14:51:42 Info: avalon_st_adapter_002: Inserting error_adapter: error_adapter_0
Info: 2016.11.28.14:51:42 Info: avalon_st_adapter_003: Inserting error_adapter: error_adapter_0
Info: 2016.11.28.14:51:42 Info: avalon_st_adapter_004: Inserting error_adapter: error_adapter_0
Info: 2016.11.28.14:51:43 Info: avalon_st_adapter_005: Inserting error_adapter: error_adapter_0
Info: 2016.11.28.14:51:43 Info: avalon_st_adapter_006: Inserting error_adapter: error_adapter_0
Info: 2016.11.28.14:51:44 Info: mm_interconnect_0: "nios_system" instantiated altera_mm_interconnect "mm_interconnect_0"
Info: 2016.11.28.14:51:44 Info: irq_mapper: "nios_system" instantiated altera_irq_mapper "irq_mapper"
Info: 2016.11.28.14:51:44 Info: rst_controller: "nios_system" instantiated altera_reset_controller "rst_controller"
Info: 2016.11.28.14:51:44 Info: cpu: Starting RTL generation for module 'nios_system_nios2_processor_cpu'
Info: 2016.11.28.14:51:44 Info: cpu:   Generation command is [exec C:/altera_lite/16.0/quartus/bin64//eperlcmd.exe -I C:/altera_lite/16.0/quartus/bin64//perl/lib -I C:/altera_lite/16.0/quartus/sopc_builder/bin/europa -I C:/altera_lite/16.0/quartus/sopc_builder/bin/perl_lib -I C:/altera_lite/16.0/quartus/sopc_builder/bin -I C:/altera_lite/16.0/quartus/../ip/altera/nios2_ip/altera_nios2_gen2/cpu_lib -I C:/altera_lite/16.0/quartus/../ip/altera/nios2_ip/altera_nios2_gen2/nios_lib -I C:/altera_lite/16.0/quartus/../ip/altera/nios2_ip/altera_nios2_gen2 -I C:/altera_lite/16.0/quartus/../ip/altera/nios2_ip/altera_nios2_gen2 -- C:/altera_lite/16.0/quartus/../ip/altera/nios2_ip/altera_nios2_gen2/generate_rtl.epl --name=nios_system_nios2_processor_cpu --dir=C:/Users/brian/AppData/Local/Temp/alt7133_7232007518083392112.dir/0007_cpu_gen/ --quartus_bindir=C:/altera_lite/16.0/quartus/bin64/ --verilog --config=C:/Users/brian/AppData/Local/Temp/alt7133_7232007518083392112.dir/0007_cpu_gen//nios_system_nios2_processor_cpu_processor_configuration.pl  --do_build_sim=1    --sim_dir=C:/Users/brian/AppData/Local/Temp/alt7133_7232007518083392112.dir/0007_cpu_gen
Info: 2016.11.28.14:52:21 Info: cpu: # 2016.11.28 14:51:45 (*) Starting Nios II generation
Info: 2016.11.28.14:52:21 Info: cpu: # 2016.11.28 14:51:45 (*)   Checking for plaintext license.
Info: 2016.11.28.14:52:21 Info: cpu: # 2016.11.28 14:51:46 (*)   Couldn't query license setup in Quartus directory C:/altera_lite/16.0/quartus/bin64
Info: 2016.11.28.14:52:21 Info: cpu: # 2016.11.28 14:51:46 (*)   Defaulting to contents of LM_LICENSE_FILE environment variable
Info: 2016.11.28.14:52:21 Info: cpu: # 2016.11.28 14:51:46 (*)   LM_LICENSE_FILE environment variable is empty
Info: 2016.11.28.14:52:21 Info: cpu: # 2016.11.28 14:51:46 (*)   Plaintext license not found.
Info: 2016.11.28.14:52:21 Info: cpu: # 2016.11.28 14:51:46 (*)   Checking for encrypted license (non-evaluation).
Info: 2016.11.28.14:52:21 Info: cpu: # 2016.11.28 14:51:46 (*)   Couldn't query license setup in Quartus directory C:/altera_lite/16.0/quartus/bin64
Info: 2016.11.28.14:52:21 Info: cpu: # 2016.11.28 14:51:46 (*)   Defaulting to contents of LM_LICENSE_FILE environment variable
Info: 2016.11.28.14:52:21 Info: cpu: # 2016.11.28 14:51:46 (*)   LM_LICENSE_FILE environment variable is empty
Info: 2016.11.28.14:52:21 Info: cpu: # 2016.11.28 14:51:46 (*)   Encrypted license not found.  Defaulting to OCP evaluation license (produces a time-limited SOF)
Info: 2016.11.28.14:52:21 Info: cpu: # 2016.11.28 14:51:46 (*)   Elaborating CPU configuration settings
Info: 2016.11.28.14:52:21 Info: cpu: # 2016.11.28 14:51:46 (*)   Creating all objects for CPU
Info: 2016.11.28.14:52:21 Info: cpu: # 2016.11.28 14:51:46 (*)     Testbench
Info: 2016.11.28.14:52:21 Info: cpu: # 2016.11.28 14:51:46 (*)     Instruction decoding
Info: 2016.11.28.14:52:21 Info: cpu: # 2016.11.28 14:51:46 (*)       Instruction fields
Info: 2016.11.28.14:52:21 Info: cpu: # 2016.11.28 14:51:46 (*)       Instruction decodes
Info: 2016.11.28.14:52:21 Info: cpu: # 2016.11.28 14:51:47 (*)       Signals for RTL simulation waveforms
Info: 2016.11.28.14:52:21 Info: cpu: # 2016.11.28 14:51:47 (*)       Instruction controls
Info: 2016.11.28.14:52:21 Info: cpu: # 2016.11.28 14:51:47 (*)     Pipeline frontend
Info: 2016.11.28.14:52:21 Info: cpu: # 2016.11.28 14:51:47 (*)     Pipeline backend
Info: 2016.11.28.14:52:21 Info: cpu: # 2016.11.28 14:51:49 (*)   Creating 'C:/Users/brian/AppData/Local/Temp/alt7133_7232007518083392112.dir/0007_cpu_gen/
Info: 2016.11.28.14:52:21 Info: cpu: # 2016.11.28 14:51:49 (*)   Generating RTL from CPU objects
Info: 2016.11.28.14:52:21 Info: cpu: # 2016.11.28 14:51:51 (*)   Creating encrypted RTL
Info: 2016.11.28.14:52:21 Info: cpu: # 2016.11.28 14:51:51 (*)   Creating IP functional simulation model
Info: 2016.11.28.14:52:21 Info: cpu: # 2016.11.28 14:52:21 (*) Done Nios II generation
Info: 2016.11.28.14:52:21 Info: cpu: Done RTL generation for module 'nios_system_nios2_processor_cpu'
Info: 2016.11.28.14:52:21 Info: cpu: "nios2_processor" instantiated altera_nios2_gen2_unit "cpu"
Info: 2016.11.28.14:52:22 Info: nios2_processor_data_master_translator: "mm_interconnect_0" instantiated altera_merlin_master_translator "nios2_processor_data_master_translator"
Info: 2016.11.28.14:52:22 Info: jtag_uart_avalon_jtag_slave_translator: "mm_interconnect_0" instantiated altera_merlin_slave_translator "jtag_uart_avalon_jtag_slave_translator"
Info: 2016.11.28.14:52:22 Info: nios2_processor_data_master_agent: "mm_interconnect_0" instantiated altera_merlin_master_agent "nios2_processor_data_master_agent"
Info: 2016.11.28.14:52:22 Info: jtag_uart_avalon_jtag_slave_agent: "mm_interconnect_0" instantiated altera_merlin_slave_agent "jtag_uart_avalon_jtag_slave_agent"
Info: 2016.11.28.14:52:22 Info: jtag_uart_avalon_jtag_slave_agent_rsp_fifo: "mm_interconnect_0" instantiated altera_avalon_sc_fifo "jtag_uart_avalon_jtag_slave_agent_rsp_fifo"
Info: 2016.11.28.14:52:22 Info: router: "mm_interconnect_0" instantiated altera_merlin_router "router"
Info: 2016.11.28.14:52:22 Info: router_001: "mm_interconnect_0" instantiated altera_merlin_router "router_001"
Info: 2016.11.28.14:52:22 Info: router_002: "mm_interconnect_0" instantiated altera_merlin_router "router_002"
Info: 2016.11.28.14:52:22 Info: router_003: "mm_interconnect_0" instantiated altera_merlin_router "router_003"
Info: 2016.11.28.14:52:22 Info: nios2_processor_data_master_limiter: "mm_interconnect_0" instantiated altera_merlin_traffic_limiter "nios2_processor_data_master_limiter"
Info: 2016.11.28.14:52:22 Info: Reusing file C:/Users/brian/Desktop/lab6/nios_system/simulation/submodules
Info: 2016.11.28.14:52:22 Info: cmd_demux: "mm_interconnect_0" instantiated altera_merlin_demultiplexer "cmd_demux"
Info: 2016.11.28.14:52:22 Info: cmd_demux_001: "mm_interconnect_0" instantiated altera_merlin_demultiplexer "cmd_demux_001"
Info: 2016.11.28.14:52:22 Info: cmd_mux: "mm_interconnect_0" instantiated altera_merlin_multiplexer "cmd_mux"
Info: 2016.11.28.14:52:22 Info: cmd_mux_001: "mm_interconnect_0" instantiated altera_merlin_multiplexer "cmd_mux_001"
Info: 2016.11.28.14:52:22 Info: Reusing file C:/Users/brian/Desktop/lab6/nios_system/simulation/submodules
Info: 2016.11.28.14:52:22 Info: rsp_demux: "mm_interconnect_0" instantiated altera_merlin_demultiplexer "rsp_demux"
Info: 2016.11.28.14:52:22 Info: rsp_demux_001: "mm_interconnect_0" instantiated altera_merlin_demultiplexer "rsp_demux_001"
Info: 2016.11.28.14:52:22 Info: rsp_mux: "mm_interconnect_0" instantiated altera_merlin_multiplexer "rsp_mux"
Info: 2016.11.28.14:52:22 Info: Reusing file C:/Users/brian/Desktop/lab6/nios_system/simulation/submodules
Info: 2016.11.28.14:52:22 Info: rsp_mux_001: "mm_interconnect_0" instantiated altera_merlin_multiplexer "rsp_mux_001"
Info: 2016.11.28.14:52:22 Info: Reusing file C:/Users/brian/Desktop/lab6/nios_system/simulation/submodules
Info: 2016.11.28.14:52:23 Info: avalon_st_adapter: "mm_interconnect_0" instantiated altera_avalon_st_adapter "avalon_st_adapter"
Info: 2016.11.28.14:52:23 Info: error_adapter_0: "avalon_st_adapter" instantiated error_adapter "error_adapter_0"
Info: 2016.11.28.14:52:23 Info: nios_system: Done "nios_system" with 30 modules, 62 files
Info: 2016.11.28.14:52:23 Info: qsys-generate succeeded.
Info: 2016.11.28.14:52:23 Info: Finished: Create simulation model
Info: 2016.11.28.14:52:23 Info: Starting: Create Modelsim Project.
Info: 2016.11.28.14:52:23 Info: sim-script-gen --spd=C:\Users\brian\Desktop\lab6\nios_system\nios_system.spd --output-directory=C:/Users/brian/Desktop/lab6/nios_system/simulation
Info: 2016.11.28.14:52:23 Info: Doing: ip-make-simscript --spd=C:\Users\brian\Desktop\lab6\nios_system\nios_system.spd --output-directory=C:/Users/brian/Desktop/lab6/nios_system/simulation
Info: 2016.11.28.14:52:24 Info: Generating the following file(s) for MODELSIM simulator in C:/Users/brian/Desktop/lab6/nios_system/simulation
Info: 2016.11.28.14:52:24 Info:     mentor
Info: 2016.11.28.14:52:24 Info: Generating the following file(s) for VCS simulator in C:/Users/brian/Desktop/lab6/nios_system/simulation
Info: 2016.11.28.14:52:24 Info:     synopsys/vcs
Info: 2016.11.28.14:52:24 Info: Generating the following file(s) for VCSMX simulator in C:/Users/brian/Desktop/lab6/nios_system/simulation
Info: 2016.11.28.14:52:24 Info:     synopsys/vcsmx
Info: 2016.11.28.14:52:24 Info:     synopsys/vcsmx
Info: 2016.11.28.14:52:24 Info: Generating the following file(s) for NCSIM simulator in C:/Users/brian/Desktop/lab6/nios_system/simulation
Info: 2016.11.28.14:52:24 Info:     cadence
Info: 2016.11.28.14:52:24 Info:     cadence
Info: 2016.11.28.14:52:24 Info:     cadence
Info: 2016.11.28.14:52:24 Info:     29 .cds.lib files in cadence/cds_libs
Info: 2016.11.28.14:52:24 Info: Generating the following file(s) for RIVIERA simulator in C:/Users/brian/Desktop/lab6/nios_system/simulation
Info: 2016.11.28.14:52:24 Info:     aldec
Info: 2016.11.28.14:52:24 Info: For information on how to simulate your IP, see the explanatory comments in the simulator-specific subdirectories under C:/Users/brian/Desktop/lab6/nios_system/simulation
Info: 2016.11.28.14:52:24 Info: Finished: Create Modelsim Project.
Info: 2016.11.28.14:52:24 Info: Starting: Create block symbol file (.bsf)
Info: 2016.11.28.14:52:24 Info: qsys-generate C:\Users\brian\Desktop\lab6\nios_system.qsys --block-symbol-file --output-directory=C:\Users\brian\Desktop\lab6\nios_system --family="Cyclone IV E" --part=EP4CE115F29C7
Info: 2016.11.28.14:52:24 Info: Loading lab6
Info: 2016.11.28.14:52:24 Info: Reading input file
Info: 2016.11.28.14:52:24 Info: Adding HEXA [altera_avalon_pio 16.0]
Info: 2016.11.28.14:52:24 Info: Parameterizing module HEXA
Info: 2016.11.28.14:52:24 Info: Adding HEXB [altera_avalon_pio 16.0]
Info: 2016.11.28.14:52:24 Info: Parameterizing module HEXB
Info: 2016.11.28.14:52:24 Info: Adding LEDs [altera_avalon_pio 16.0]
Info: 2016.11.28.14:52:24 Info: Parameterizing module LEDs
Info: 2016.11.28.14:52:24 Info: Adding clk_0 [clock_source 16.0]
Info: 2016.11.28.14:52:24 Info: Parameterizing module clk_0
Info: 2016.11.28.14:52:24 Info: Adding jtag_uart [altera_avalon_jtag_uart 16.0]
Info: 2016.11.28.14:52:24 Info: Parameterizing module jtag_uart
Info: 2016.11.28.14:52:24 Info: Adding nios2_processor [altera_nios2_gen2 16.0]
Info: 2016.11.28.14:52:24 Info: Parameterizing module nios2_processor
Info: 2016.11.28.14:52:24 Info: Adding onchip_memory [altera_avalon_onchip_memory2 16.0]
Info: 2016.11.28.14:52:24 Info: Parameterizing module onchip_memory
Info: 2016.11.28.14:52:24 Info: Adding switches [altera_avalon_pio 16.0]
Info: 2016.11.28.14:52:24 Info: Parameterizing module switches
Info: 2016.11.28.14:52:24 Info: Building connections
Info: 2016.11.28.14:52:24 Info: Parameterizing connections
Info: 2016.11.28.14:52:24 Info: Validating
Info: 2016.11.28.14:52:24 Info: Done reading input file
Info: 2016.11.28.14:52:25 Info: nios_system.jtag_uart: JTAG UART IP input clock need to be at least double (2x) the operating frequency of JTAG TCK on board
Info: 2016.11.28.14:52:25 Info: nios_system.switches: PIO inputs are not hardwired in test bench. Undefined values will be read from PIO inputs during simulation.
Info: 2016.11.28.14:52:25 Info: qsys-generate succeeded.
Info: 2016.11.28.14:52:25 Info: Finished: Create block symbol file (.bsf)
2016.11.28.14:52:25 Info:
Info: 2016.11.28.14:52:25 Info: Starting: Create HDL design files for synthesis
Info: 2016.11.28.14:52:25 Info: qsys-generate C:\Users\brian\Desktop\lab6\nios_system.qsys --synthesis=VERILOG --output-directory=C:\Users\brian\Desktop\lab6\nios_system\synthesis --family="Cyclone IV E" --part=EP4CE115F29C7
Info: 2016.11.28.14:52:25 Info: Loading lab6
Info: 2016.11.28.14:52:25 Info: Reading input file
Info: 2016.11.28.14:52:25 Info: Adding HEXA [altera_avalon_pio 16.0]
Info: 2016.11.28.14:52:25 Info: Parameterizing module HEXA
2016.11.28.14:52:25 Info: Adding HEXB [altera_avalon_pio 16.0]
2016.11.28.14:52:25 Info: Parameterizing module HEXB
2016.11.28.14:52:25 Info: Adding LEDs [altera_avalon_pio 16.0]
2016.11.28.14:52:25 Info: Parameterizing module LEDs
Info: 2016.11.28.14:52:25 Info: Adding clk_0 [clock_source 16.0]
Info: 2016.11.28.14:52:25 Info: Parameterizing module clk_0
Info: 2016.11.28.14:52:25 Info: Adding jtag_uart [altera_avalon_jtag_uart 16.0]
Info: 2016.11.28.14:52:25 Info: Parameterizing module jtag_uart
Info: 2016.11.28.14:52:25 Info: Adding nios2_processor [altera_nios2_gen2 16.0]
Info: 2016.11.28.14:52:25 Info: Parameterizing module nios2_processor
Info: 2016.11.28.14:52:25 Info: Adding onchip_memory [altera_avalon_onchip_memory2 16.0]
Info: 2016.11.28.14:52:25 Info: Parameterizing module onchip_memory
Info: 2016.11.28.14:52:25 Info: Adding switches [altera_avalon_pio 16.0]
Info: 2016.11.28.14:52:25 Info: Parameterizing module switches
Info: 2016.11.28.14:52:25 Info: Building connections
Info: 2016.11.28.14:52:25 Info: Parameterizing connections
Info: 2016.11.28.14:52:25 Info: Validating
Info: 2016.11.28.14:52:26 Info: Done reading input file
Info: 2016.11.28.14:52:26 Info: nios_system.jtag_uart: JTAG UART IP input clock need to be at least double (2x) the operating frequency of JTAG TCK on board
Info: 2016.11.28.14:52:26 Info: nios_system.switches: PIO inputs are not hardwired in test bench. Undefined values will be read from PIO inputs during simulation.
Info: 2016.11.28.14:52:27 Info: nios_system: Generating nios_system "nios_system" for QUARTUS_SYNTH
Info: 2016.11.28.14:52:32 Info: HEXA: Starting RTL generation for module 'nios_system_HEXA'
Info: 2016.11.28.14:52:32 Info: HEXA:   Generation command is [exec C:/altera_lite/16.0/quartus/bin64/perl/bin/perl.exe -I C:/altera_lite/16.0/quartus/bin64/perl/lib -I C:/altera_lite/16.0/quartus/sopc_builder/bin/europa -I C:/altera_lite/16.0/quartus/sopc_builder/bin/perl_lib -I C:/altera_lite/16.0/quartus/sopc_builder/bin -I C:/altera_lite/16.0/quartus/../ip/altera/sopc_builder_ip/common -I C:/altera_lite/16.0/quartus/../ip/altera/sopc_builder_ip/altera_avalon_pio -- C:/altera_lite/16.0/quartus/../ip/altera/sopc_builder_ip/altera_avalon_pio/generate_rtl.pl --name=nios_system_HEXA --dir=C:/Users/brian/AppData/Local/Temp/alt7133_7232007518083392112.dir/0028_HEXA_gen/ --quartus_dir=C:/altera_lite/16.0/quartus --verilog --config=C:/Users/brian/AppData/Local/Temp/alt7133_7232007518083392112.dir/0028_HEXA_gen/
Info: 2016.11.28.14:52:32 Info: HEXA: Done RTL generation for module 'nios_system_HEXA'
Info: 2016.11.28.14:52:32 Info: HEXA: "nios_system" instantiated altera_avalon_pio "HEXA"
Info: 2016.11.28.14:52:32 Info: jtag_uart: Starting RTL generation for module 'nios_system_jtag_uart'
Info: 2016.11.28.14:52:32 Info: jtag_uart:   Generation command is [exec C:/altera_lite/16.0/quartus/bin64/perl/bin/perl.exe -I C:/altera_lite/16.0/quartus/bin64/perl/lib -I C:/altera_lite/16.0/quartus/sopc_builder/bin/europa -I C:/altera_lite/16.0/quartus/sopc_builder/bin/perl_lib -I C:/altera_lite/16.0/quartus/sopc_builder/bin -I C:/altera_lite/16.0/quartus/../ip/altera/sopc_builder_ip/common -I C:/altera_lite/16.0/quartus/../ip/altera/sopc_builder_ip/altera_avalon_jtag_uart -- C:/altera_lite/16.0/quartus/../ip/altera/sopc_builder_ip/altera_avalon_jtag_uart/generate_rtl.pl --name=nios_system_jtag_uart --dir=C:/Users/brian/AppData/Local/Temp/alt7133_7232007518083392112.dir/0029_jtag_uart_gen/ --quartus_dir=C:/altera_lite/16.0/quartus --verilog --config=C:/Users/brian/AppData/Local/Temp/alt7133_7232007518083392112.dir/0029_jtag_uart_gen/
Info: 2016.11.28.14:52:32 Info: jtag_uart: Done RTL generation for module 'nios_system_jtag_uart'
Info: 2016.11.28.14:52:32 Info: jtag_uart: "nios_system" instantiated altera_avalon_jtag_uart "jtag_uart"
Info: 2016.11.28.14:52:33 Info: nios2_processor: "nios_system" instantiated altera_nios2_gen2 "nios2_processor"
Info: 2016.11.28.14:52:33 Info: onchip_memory: Starting RTL generation for module 'nios_system_onchip_memory'
Info: 2016.11.28.14:52:33 Info: onchip_memory:   Generation command is [exec C:/altera_lite/16.0/quartus/bin64/perl/bin/perl.exe -I C:/altera_lite/16.0/quartus/bin64/perl/lib -I C:/altera_lite/16.0/quartus/sopc_builder/bin/europa -I C:/altera_lite/16.0/quartus/sopc_builder/bin/perl_lib -I C:/altera_lite/16.0/quartus/sopc_builder/bin -I C:/altera_lite/16.0/quartus/../ip/altera/sopc_builder_ip/common -I C:/altera_lite/16.0/quartus/../ip/altera/sopc_builder_ip/altera_avalon_onchip_memory2 -- C:/altera_lite/16.0/quartus/../ip/altera/sopc_builder_ip/altera_avalon_onchip_memory2/generate_rtl.pl --name=nios_system_onchip_memory --dir=C:/Users/brian/AppData/Local/Temp/alt7133_7232007518083392112.dir/0030_onchip_memory_gen/ --quartus_dir=C:/altera_lite/16.0/quartus --verilog --config=C:/Users/brian/AppData/Local/Temp/alt7133_7232007518083392112.dir/0030_onchip_memory_gen/
Info: 2016.11.28.14:52:33 Info: onchip_memory: Done RTL generation for module 'nios_system_onchip_memory'
Info: 2016.11.28.14:52:33 Info: onchip_memory: "nios_system" instantiated altera_avalon_onchip_memory2 "onchip_memory"
Info: 2016.11.28.14:52:33 Info: switches: Starting RTL generation for module 'nios_system_switches'
Info: 2016.11.28.14:52:33 Info: switches:   Generation command is [exec C:/altera_lite/16.0/quartus/bin64/perl/bin/perl.exe -I C:/altera_lite/16.0/quartus/bin64/perl/lib -I C:/altera_lite/16.0/quartus/sopc_builder/bin/europa -I C:/altera_lite/16.0/quartus/sopc_builder/bin/perl_lib -I C:/altera_lite/16.0/quartus/sopc_builder/bin -I C:/altera_lite/16.0/quartus/../ip/altera/sopc_builder_ip/common -I C:/altera_lite/16.0/quartus/../ip/altera/sopc_builder_ip/altera_avalon_pio -- C:/altera_lite/16.0/quartus/../ip/altera/sopc_builder_ip/altera_avalon_pio/generate_rtl.pl --name=nios_system_switches --dir=C:/Users/brian/AppData/Local/Temp/alt7133_7232007518083392112.dir/0031_switches_gen/ --quartus_dir=C:/altera_lite/16.0/quartus --verilog --config=C:/Users/brian/AppData/Local/Temp/alt7133_7232007518083392112.dir/0031_switches_gen/
Info: 2016.11.28.14:52:33 Info: switches: Done RTL generation for module 'nios_system_switches'
Info: 2016.11.28.14:52:33 Info: switches: "nios_system" instantiated altera_avalon_pio "switches"
Info: 2016.11.28.14:52:36 Info: avalon_st_adapter: Inserting error_adapter: error_adapter_0
Info: 2016.11.28.14:52:36 Info: avalon_st_adapter_001: Inserting error_adapter: error_adapter_0
Info: 2016.11.28.14:52:36 Info: avalon_st_adapter_002: Inserting error_adapter: error_adapter_0
Info: 2016.11.28.14:52:36 Info: avalon_st_adapter_003: Inserting error_adapter: error_adapter_0
Info: 2016.11.28.14:52:36 Info: avalon_st_adapter_004: Inserting error_adapter: error_adapter_0
Info: 2016.11.28.14:52:36 Info: avalon_st_adapter_005: Inserting error_adapter: error_adapter_0
Info: 2016.11.28.14:52:37 Info: avalon_st_adapter_006: Inserting error_adapter: error_adapter_0
Info: 2016.11.28.14:52:38 Info: mm_interconnect_0: "nios_system" instantiated altera_mm_interconnect "mm_interconnect_0"
Info: 2016.11.28.14:52:38 Info: irq_mapper: "nios_system" instantiated altera_irq_mapper "irq_mapper"
Info: 2016.11.28.14:52:38 Info: rst_controller: "nios_system" instantiated altera_reset_controller "rst_controller"
Info: 2016.11.28.14:52:38 Info: cpu: Starting RTL generation for module 'nios_system_nios2_processor_cpu'
Info: 2016.11.28.14:52:38 Info: cpu:   Generation command is [exec C:/altera_lite/16.0/quartus/bin64//eperlcmd.exe -I C:/altera_lite/16.0/quartus/bin64//perl/lib -I C:/altera_lite/16.0/quartus/sopc_builder/bin/europa -I C:/altera_lite/16.0/quartus/sopc_builder/bin/perl_lib -I C:/altera_lite/16.0/quartus/sopc_builder/bin -I C:/altera_lite/16.0/quartus/../ip/altera/nios2_ip/altera_nios2_gen2/cpu_lib -I C:/altera_lite/16.0/quartus/../ip/altera/nios2_ip/altera_nios2_gen2/nios_lib -I C:/altera_lite/16.0/quartus/../ip/altera/nios2_ip/altera_nios2_gen2 -I C:/altera_lite/16.0/quartus/../ip/altera/nios2_ip/altera_nios2_gen2 -- C:/altera_lite/16.0/quartus/../ip/altera/nios2_ip/altera_nios2_gen2/generate_rtl.epl --name=nios_system_nios2_processor_cpu --dir=C:/Users/brian/AppData/Local/Temp/alt7133_7232007518083392112.dir/0034_cpu_gen/ --quartus_bindir=C:/altera_lite/16.0/quartus/bin64/ --verilog --config=C:/Users/brian/AppData/Local/Temp/alt7133_7232007518083392112.dir/0034_cpu_gen/
Info: 2016.11.28.14:52:46 Info: cpu: # 2016.11.28 14:52:39 (*) Starting Nios II generation
Info: 2016.11.28.14:52:46 Info: cpu: # 2016.11.28 14:52:39 (*)   Checking for plaintext license.
Info: 2016.11.28.14:52:46 Info: cpu: # 2016.11.28 14:52:39 (*)   Couldn't query license setup in Quartus directory C:/altera_lite/16.0/quartus/bin64
Info: 2016.11.28.14:52:46 Info: cpu: # 2016.11.28 14:52:39 (*)   Defaulting to contents of LM_LICENSE_FILE environment variable
Info: 2016.11.28.14:52:46 Info: cpu: # 2016.11.28 14:52:39 (*)   LM_LICENSE_FILE environment variable is empty
Info: 2016.11.28.14:52:46 Info: cpu: # 2016.11.28 14:52:39 (*)   Plaintext license not found.
Info: 2016.11.28.14:52:46 Info: cpu: # 2016.11.28 14:52:39 (*)   Checking for encrypted license (non-evaluation).
Info: 2016.11.28.14:52:46 Info: cpu: # 2016.11.28 14:52:40 (*)   Couldn't query license setup in Quartus directory C:/altera_lite/16.0/quartus/bin64
Info: 2016.11.28.14:52:46 Info: cpu: # 2016.11.28 14:52:40 (*)   Defaulting to contents of LM_LICENSE_FILE environment variable
Info: 2016.11.28.14:52:46 Info: cpu: # 2016.11.28 14:52:40 (*)   LM_LICENSE_FILE environment variable is empty
Info: 2016.11.28.14:52:46 Info: cpu: # 2016.11.28 14:52:40 (*)   Encrypted license not found.  Defaulting to OCP evaluation license (produces a time-limited SOF)
Info: 2016.11.28.14:52:46 Info: cpu: # 2016.11.28 14:52:40 (*)   Elaborating CPU configuration settings
Info: 2016.11.28.14:52:46 Info: cpu: # 2016.11.28 14:52:40 (*)   Creating all objects for CPU
2016.11.28.14:52:46 Info: cpu: # 2016.11.28 14:52:40 (*)     Testbench
2016.11.28.14:52:46 Info: cpu: # 2016.11.28 14:52:40 (*)     Instruction decoding
2016.11.28.14:52:46 Info: cpu: # 2016.11.28 14:52:40 (*)       Instruction fields
Info: 2016.11.28.14:52:46 Info: cpu: # 2016.11.28 14:52:40 (*)       Instruction decodes
Info: 2016.11.28.14:52:46 Info: cpu: # 2016.11.28 14:52:40 (*)       Signals for RTL simulation waveforms
Info: 2016.11.28.14:52:46 Info: cpu: # 2016.11.28 14:52:41 (*)       Instruction controls
Info: 2016.11.28.14:52:46 Info: cpu: # 2016.11.28 14:52:41 (*)     Pipeline frontend
Info: 2016.11.28.14:52:46 Info: cpu: # 2016.11.28 14:52:41 (*)     Pipeline backend
Info: 2016.11.28.14:52:46 Info: cpu: # 2016.11.28 14:52:43 (*)   Generating RTL from CPU objects
Info: 2016.11.28.14:52:46 Info: cpu: # 2016.11.28 14:52:45 (*)   Creating encrypted RTL
Info: 2016.11.28.14:52:46 Info: cpu: # 2016.11.28 14:52:46 (*) Done Nios II generation
Info: 2016.11.28.14:52:46 Info: cpu: Done RTL generation for module 'nios_system_nios2_processor_cpu'
Info: 2016.11.28.14:52:46 Info: cpu: "nios2_processor" instantiated altera_nios2_gen2_unit "cpu"
Info: 2016.11.28.14:52:46 Info: nios2_processor_data_master_translator: "mm_interconnect_0" instantiated altera_merlin_master_translator "nios2_processor_data_master_translator"
Info: 2016.11.28.14:52:46 Info: jtag_uart_avalon_jtag_slave_translator: "mm_interconnect_0" instantiated altera_merlin_slave_translator "jtag_uart_avalon_jtag_slave_translator"
Info: 2016.11.28.14:52:46 Info: nios2_processor_data_master_agent: "mm_interconnect_0" instantiated altera_merlin_master_agent "nios2_processor_data_master_agent"
Info: 2016.11.28.14:52:46 Info: jtag_uart_avalon_jtag_slave_agent: "mm_interconnect_0" instantiated altera_merlin_slave_agent "jtag_uart_avalon_jtag_slave_agent"
Info: 2016.11.28.14:52:46 Info: jtag_uart_avalon_jtag_slave_agent_rsp_fifo: "mm_interconnect_0" instantiated altera_avalon_sc_fifo "jtag_uart_avalon_jtag_slave_agent_rsp_fifo"
Info: 2016.11.28.14:52:46 Info: router: "mm_interconnect_0" instantiated altera_merlin_router "router"
Info: 2016.11.28.14:52:46 Info: router_001: "mm_interconnect_0" instantiated altera_merlin_router "router_001"
Info: 2016.11.28.14:52:46 Info: router_002: "mm_interconnect_0" instantiated altera_merlin_router "router_002"
Info: 2016.11.28.14:52:46 Info: router_003: "mm_interconnect_0" instantiated altera_merlin_router "router_003"
Info: 2016.11.28.14:52:46 Info: nios2_processor_data_master_limiter: "mm_interconnect_0" instantiated altera_merlin_traffic_limiter "nios2_processor_data_master_limiter"
Info: 2016.11.28.14:52:46 Info: Reusing file C:/Users/brian/Desktop/lab6/nios_system/synthesis/submodules
Info: 2016.11.28.14:52:46 Info: cmd_demux: "mm_interconnect_0" instantiated altera_merlin_demultiplexer "cmd_demux"
Info: 2016.11.28.14:52:46 Info: cmd_demux_001: "mm_interconnect_0" instantiated altera_merlin_demultiplexer "cmd_demux_001"
2016.11.28.14:52:46 Info: cmd_mux: "mm_interconnect_0" instantiated altera_merlin_multiplexer "cmd_mux"
Info: 2016.11.28.14:52:46 Info: cmd_mux_001: "mm_interconnect_0" instantiated altera_merlin_multiplexer "cmd_mux_001"
Info: 2016.11.28.14:52:46 Info: Reusing file C:/Users/brian/Desktop/lab6/nios_system/synthesis/submodules
Info: 2016.11.28.14:52:46 Info: rsp_demux: "mm_interconnect_0" instantiated altera_merlin_demultiplexer "rsp_demux"
Info: 2016.11.28.14:52:46 Info: rsp_demux_001: "mm_interconnect_0" instantiated altera_merlin_demultiplexer "rsp_demux_001"
Info: 2016.11.28.14:52:46 Info: rsp_mux: "mm_interconnect_0" instantiated altera_merlin_multiplexer "rsp_mux"
Info: 2016.11.28.14:52:46 Info: Reusing file C:/Users/brian/Desktop/lab6/nios_system/synthesis/submodules/altera_merlin_arbitrator.sv
2016.11.28.14:52:46 Info: rsp_mux_001: "mm_interconnect_0" instantiated altera_merlin_multiplexer "rsp_mux_001"
2016.11.28.14:52:46 Info: Reusing file C:/Users/brian/Desktop/lab6/nios_system/synthesis/submodules
Info: 2016.11.28.14:52:46 Info: avalon_st_adapter: "mm_interconnect_0" instantiated altera_avalon_st_adapter "avalon_st_adapter"
Info: 2016.11.28.14:52:46 Info: error_adapter_0: "avalon_st_adapter" instantiated error_adapter "error_adapter_0"
Info: 2016.11.28.14:52:46 Info: nios_system: Done "nios_system" with 30 modules, 50 files
Info: 2016.11.28.14:52:47 Info: qsys-generate succeeded.
Info: 2016.11.28.14:52:47 Info: Finished: Create HDL design files for synthesis
Info (11131): Completed upgrading IP component Qsys with file "nios_system.qsys"
Info (23030): Evaluation of Tcl script c:/altera_lite/16.0/quartus/common/tcl/internal/ip_regen/ip_regen.tcl was successful
Info: Quartus Prime Shell was successful. 0 errors, 0 warnings
    Info: Peak virtual memory: 939 megabytes
    Info: Processing ended: Mon Nov 28 14:52:47 2016
    Info: Elapsed time: 00:01:43
    Info: Total CPU time (on all processors): 00:01:57


